m = 128
indexing time = 2780.249512

check_k = 50
1	1.000000	1.465086	100.000000
2	1.021201	1.481124	65.000000
5	1.042879	1.534355	31.440001
10	1.056664	1.600568	18.270000

check_k = 100
1	1.000000	1.927811	100.000000
2	1.017861	1.888892	66.900002
5	1.035599	1.951803	33.660000
10	1.046253	1.923579	20.400000

check_k = 200
1	1.000000	2.743012	100.000000
2	1.014220	2.998081	68.750000
5	1.028807	2.829538	36.560001
10	1.037332	2.802572	23.049999

check_k = 500
1	1.000000	5.292029	100.000000
2	1.010284	5.525886	72.800003
5	1.021069	5.380803	42.020000
10	1.027163	5.409429	28.209999

check_k = 1000
1	1.000000	9.962559	100.000000
2	1.007688	10.656367	75.750000
5	1.016486	10.221640	46.580002
10	1.021231	10.572735	33.139999

check_k = 2000
1	1.000000	19.109215	100.000000
2	1.006011	19.601015	78.849998
5	1.012954	18.942783	52.020000
10	1.016583	18.407955	39.290001

check_k = 5000
1	1.000000	50.382462	100.000000
2	1.003646	48.858456	84.250000
5	1.008562	46.022308	61.139999
10	1.011053	45.245277	49.480000

check_k = 10000
1	1.000000	89.560684	100.000000
2	1.002501	87.115227	87.449997
5	1.005863	92.161369	68.739998
10	1.007641	93.872459	58.619999

m = 128
indexing time = 92.653648

check_k = 50
1	1.000000	0.081231	100.000000
2	1.021201	0.079637	65.000000
5	1.042879	0.082112	31.440001
10	1.056664	0.086847	18.270000

check_k = 100
1	1.000000	0.116606	100.000000
2	1.017861	0.119109	66.900002
5	1.035599	0.117545	33.660000
10	1.046253	0.119872	20.400000

check_k = 200
1	1.000000	0.187456	100.000000
2	1.014220	0.185015	68.750000
5	1.028807	0.186815	36.560001
10	1.037332	0.195677	23.049999

check_k = 500
1	1.000000	0.394951	100.000000
2	1.010284	0.398095	72.800003
5	1.021069	0.397111	42.020000
10	1.027163	0.402370	28.209999

check_k = 1000
1	1.000000	0.746640	100.000000
2	1.007688	0.745139	75.750000
5	1.016486	0.744836	46.580002
10	1.021231	0.751525	33.139999

check_k = 2000
1	1.000000	1.442148	100.000000
2	1.006011	1.445370	78.849998
5	1.012954	1.449167	52.020000
10	1.016583	1.448030	39.290001

check_k = 5000
1	1.000000	3.548124	100.000000
2	1.003646	3.554885	84.250000
5	1.008562	3.506675	61.139999
10	1.011053	3.471554	49.480000

check_k = 10000
1	1.000000	6.986609	100.000000
2	1.002501	7.070009	87.449997
5	1.005863	7.077629	68.739998
10	1.007641	6.949255	58.619999

